[2023-07-16T03:50:31.681+0000] {taskinstance.py:1103} INFO - Dependencies all met for dep_context=non-requeueable deps ti=<TaskInstance: main_dag.install_libraries manual__2023-07-16T03:50:30.971256+00:00 [queued]>
[2023-07-16T03:50:31.691+0000] {taskinstance.py:1103} INFO - Dependencies all met for dep_context=requeueable deps ti=<TaskInstance: main_dag.install_libraries manual__2023-07-16T03:50:30.971256+00:00 [queued]>
[2023-07-16T03:50:31.691+0000] {taskinstance.py:1308} INFO - Starting attempt 1 of 1
[2023-07-16T03:50:31.706+0000] {taskinstance.py:1327} INFO - Executing <Task(BashOperator): install_libraries> on 2023-07-16 03:50:30.971256+00:00
[2023-07-16T03:50:31.710+0000] {standard_task_runner.py:57} INFO - Started process 501 to run task
[2023-07-16T03:50:31.714+0000] {standard_task_runner.py:84} INFO - Running: ['***', 'tasks', 'run', 'main_dag', 'install_libraries', 'manual__2023-07-16T03:50:30.971256+00:00', '--job-id', '463', '--raw', '--subdir', 'DAGS_FOLDER/main_dag.py', '--cfg-path', '/tmp/tmpnzlk7fpj']
[2023-07-16T03:50:31.715+0000] {standard_task_runner.py:85} INFO - Job 463: Subtask install_libraries
[2023-07-16T03:50:31.757+0000] {task_command.py:410} INFO - Running <TaskInstance: main_dag.install_libraries manual__2023-07-16T03:50:30.971256+00:00 [running]> on host d94a7863adc0
[2023-07-16T03:50:31.847+0000] {taskinstance.py:1547} INFO - Exporting env vars: AIRFLOW_CTX_DAG_OWNER='***' AIRFLOW_CTX_DAG_ID='main_dag' AIRFLOW_CTX_TASK_ID='install_libraries' AIRFLOW_CTX_EXECUTION_DATE='2023-07-16T03:50:30.971256+00:00' AIRFLOW_CTX_TRY_NUMBER='1' AIRFLOW_CTX_DAG_RUN_ID='manual__2023-07-16T03:50:30.971256+00:00'
[2023-07-16T03:50:31.848+0000] {subprocess.py:63} INFO - Tmp dir root location: /tmp
[2023-07-16T03:50:31.849+0000] {subprocess.py:75} INFO - Running command: ['/bin/bash', '-c', 'cd ./opt && cd ./*** && pip install -r requirements.txt']
[2023-07-16T03:50:31.860+0000] {subprocess.py:86} INFO - Output:
[2023-07-16T03:50:31.861+0000] {subprocess.py:93} INFO - /bin/bash: line 1: cd: ./opt: No such file or directory
[2023-07-16T03:50:31.861+0000] {subprocess.py:97} INFO - Command exited with return code 1
[2023-07-16T03:50:31.873+0000] {taskinstance.py:1824} ERROR - Task failed with exception
Traceback (most recent call last):
  File "/home/airflow/.local/lib/python3.7/site-packages/airflow/operators/bash.py", line 211, in execute
    f"Bash command failed. The command returned a non-zero exit code {result.exit_code}."
airflow.exceptions.AirflowException: Bash command failed. The command returned a non-zero exit code 1.
[2023-07-16T03:50:31.877+0000] {taskinstance.py:1350} INFO - Marking task as FAILED. dag_id=main_dag, task_id=install_libraries, execution_date=20230716T035030, start_date=20230716T035031, end_date=20230716T035031
[2023-07-16T03:50:31.889+0000] {standard_task_runner.py:109} ERROR - Failed to execute job 463 for task install_libraries (Bash command failed. The command returned a non-zero exit code 1.; 501)
[2023-07-16T03:50:31.924+0000] {local_task_job_runner.py:225} INFO - Task exited with return code 1
[2023-07-16T03:50:31.953+0000] {taskinstance.py:2653} INFO - 0 downstream tasks scheduled from follow-on schedule check
