[2023-07-16T03:41:57.230+0000] {taskinstance.py:1103} INFO - Dependencies all met for dep_context=non-requeueable deps ti=<TaskInstance: main_dag.install_libraries manual__2023-07-16T03:41:56.222849+00:00 [queued]>
[2023-07-16T03:41:57.240+0000] {taskinstance.py:1103} INFO - Dependencies all met for dep_context=requeueable deps ti=<TaskInstance: main_dag.install_libraries manual__2023-07-16T03:41:56.222849+00:00 [queued]>
[2023-07-16T03:41:57.240+0000] {taskinstance.py:1308} INFO - Starting attempt 1 of 1
[2023-07-16T03:41:57.255+0000] {taskinstance.py:1327} INFO - Executing <Task(BashOperator): install_libraries> on 2023-07-16 03:41:56.222849+00:00
[2023-07-16T03:41:57.260+0000] {standard_task_runner.py:57} INFO - Started process 222 to run task
[2023-07-16T03:41:57.263+0000] {standard_task_runner.py:84} INFO - Running: ['***', 'tasks', 'run', 'main_dag', 'install_libraries', 'manual__2023-07-16T03:41:56.222849+00:00', '--job-id', '446', '--raw', '--subdir', 'DAGS_FOLDER/main_dag.py', '--cfg-path', '/tmp/tmphex7wnwy']
[2023-07-16T03:41:57.264+0000] {standard_task_runner.py:85} INFO - Job 446: Subtask install_libraries
[2023-07-16T03:41:57.313+0000] {task_command.py:410} INFO - Running <TaskInstance: main_dag.install_libraries manual__2023-07-16T03:41:56.222849+00:00 [running]> on host d94a7863adc0
[2023-07-16T03:41:57.419+0000] {taskinstance.py:1547} INFO - Exporting env vars: AIRFLOW_CTX_DAG_OWNER='***' AIRFLOW_CTX_DAG_ID='main_dag' AIRFLOW_CTX_TASK_ID='install_libraries' AIRFLOW_CTX_EXECUTION_DATE='2023-07-16T03:41:56.222849+00:00' AIRFLOW_CTX_TRY_NUMBER='1' AIRFLOW_CTX_DAG_RUN_ID='manual__2023-07-16T03:41:56.222849+00:00'
[2023-07-16T03:41:57.420+0000] {subprocess.py:63} INFO - Tmp dir root location: /tmp
[2023-07-16T03:41:57.421+0000] {subprocess.py:75} INFO - Running command: ['/bin/bash', '-c', 'pip install -r requirements.txt']
[2023-07-16T03:41:57.441+0000] {subprocess.py:86} INFO - Output:
[2023-07-16T03:41:58.249+0000] {subprocess.py:93} INFO - Defaulting to user installation because normal site-packages is not writeable
[2023-07-16T03:41:58.394+0000] {subprocess.py:93} INFO - ERROR: Could not open requirements file: [Errno 2] No such file or directory: 'requirements.txt'
[2023-07-16T03:41:58.404+0000] {subprocess.py:93} INFO - 
[2023-07-16T03:41:58.405+0000] {subprocess.py:93} INFO - [notice] A new release of pip is available: 23.1.2 -> 23.2
[2023-07-16T03:41:58.405+0000] {subprocess.py:93} INFO - [notice] To update, run: python -m pip install --upgrade pip
[2023-07-16T03:41:58.492+0000] {subprocess.py:97} INFO - Command exited with return code 1
[2023-07-16T03:41:58.506+0000] {taskinstance.py:1824} ERROR - Task failed with exception
Traceback (most recent call last):
  File "/home/airflow/.local/lib/python3.7/site-packages/airflow/operators/bash.py", line 211, in execute
    f"Bash command failed. The command returned a non-zero exit code {result.exit_code}."
airflow.exceptions.AirflowException: Bash command failed. The command returned a non-zero exit code 1.
[2023-07-16T03:41:58.510+0000] {taskinstance.py:1350} INFO - Marking task as FAILED. dag_id=main_dag, task_id=install_libraries, execution_date=20230716T034156, start_date=20230716T034157, end_date=20230716T034158
[2023-07-16T03:41:58.525+0000] {standard_task_runner.py:109} ERROR - Failed to execute job 446 for task install_libraries (Bash command failed. The command returned a non-zero exit code 1.; 222)
[2023-07-16T03:41:58.558+0000] {local_task_job_runner.py:225} INFO - Task exited with return code 1
[2023-07-16T03:41:58.595+0000] {taskinstance.py:2653} INFO - 0 downstream tasks scheduled from follow-on schedule check
